2025-01-23 10:27 o.h.validator.internal.util.Version-HV000001: Hibernate Validator 6.2.5.Final
2025-01-23 10:27 com.example.board.BoardApplication-Starting BoardApplication using Java 11.0.25 on DESKTOP-80H9AQK with PID 14304 (C:\Users\Playdata\Desktop\board (1)\board\out\production\classes started by Playdata in C:\Users\Playdata\Desktop\board (1)\board)
2025-01-23 10:27 com.example.board.BoardApplication-The following 1 profile is active: "local"
2025-01-23 10:27 o.s.d.r.c.RepositoryConfigurationDelegate-Bootstrapping Spring Data JPA repositories in DEFAULT mode.
2025-01-23 10:27 o.s.d.r.c.RepositoryConfigurationDelegate-Finished Spring Data repository scanning in 44 ms. Found 2 JPA repository interfaces.
2025-01-23 10:27 o.s.b.w.e.tomcat.TomcatWebServer-Tomcat initialized with port(s): 8080 (http)
2025-01-23 10:27 o.a.coyote.http11.Http11NioProtocol-Initializing ProtocolHandler ["http-nio-8080"]
2025-01-23 10:27 o.a.catalina.core.StandardService-Starting service [Tomcat]
2025-01-23 10:27 o.a.catalina.core.StandardEngine-Starting Servlet engine: [Apache Tomcat/9.0.74]
2025-01-23 10:27 o.a.c.c.C.[Tomcat].[localhost].[/]-Initializing Spring embedded WebApplicationContext
2025-01-23 10:27 o.s.b.w.s.c.ServletWebServerApplicationContext-Root WebApplicationContext: initialization completed in 1487 ms
2025-01-23 10:27 o.h.jpa.internal.util.LogHelper-HHH000204: Processing PersistenceUnitInfo [name: default]
2025-01-23 10:27 org.hibernate.Version-HHH000412: Hibernate ORM core version 5.6.15.Final
2025-01-23 10:27 o.h.annotations.common.Version-HCANN000001: Hibernate Commons Annotations {5.1.2.Final}
2025-01-23 10:27 com.zaxxer.hikari.HikariDataSource-HikariPool-1 - Starting...
2025-01-23 10:27 com.zaxxer.hikari.HikariDataSource-HikariPool-1 - Start completed.
2025-01-23 10:27 org.hibernate.dialect.Dialect-HHH000400: Using dialect: org.hibernate.dialect.MariaDBDialect
2025-01-23 10:27 o.h.e.t.j.p.i.JtaPlatformInitiator-HHH000490: Using JtaPlatform implementation: [org.hibernate.engine.transaction.jta.platform.internal.NoJtaPlatform]
2025-01-23 10:27 o.s.o.j.LocalContainerEntityManagerFactoryBean-Initialized JPA EntityManagerFactory for persistence unit 'default'
2025-01-23 10:27 o.s.b.a.o.j.JpaBaseConfiguration$JpaWebConfiguration-spring.jpa.open-in-view is enabled by default. Therefore, database queries may be performed during view rendering. Explicitly configure spring.jpa.open-in-view to disable this warning
2025-01-23 10:27 o.a.coyote.http11.Http11NioProtocol-Starting ProtocolHandler ["http-nio-8080"]
2025-01-23 10:27 o.s.b.w.e.tomcat.TomcatWebServer-Tomcat started on port(s): 8080 (http) with context path ''
2025-01-23 10:27 com.example.board.BoardApplication-Started BoardApplication in 3.989 seconds (JVM running for 4.652)
2025-01-23 10:27 o.s.o.j.LocalContainerEntityManagerFactoryBean-Closing JPA EntityManagerFactory for persistence unit 'default'
2025-01-23 10:27 com.zaxxer.hikari.HikariDataSource-HikariPool-1 - Shutdown initiated...
2025-01-23 10:27 com.zaxxer.hikari.HikariDataSource-HikariPool-1 - Shutdown completed.
2025-01-23 10:28 o.h.validator.internal.util.Version-HV000001: Hibernate Validator 6.2.5.Final
2025-01-23 10:28 com.example.board.BoardApplication-Starting BoardApplication using Java 11.0.25 on DESKTOP-80H9AQK with PID 14600 (C:\Users\Playdata\Desktop\board (1)\board\out\production\classes started by Playdata in C:\Users\Playdata\Desktop\board (1)\board)
2025-01-23 10:28 com.example.board.BoardApplication-The following 1 profile is active: "local"
2025-01-23 10:28 o.s.d.r.c.RepositoryConfigurationDelegate-Bootstrapping Spring Data JPA repositories in DEFAULT mode.
2025-01-23 10:28 o.s.d.r.c.RepositoryConfigurationDelegate-Finished Spring Data repository scanning in 47 ms. Found 2 JPA repository interfaces.
2025-01-23 10:28 o.s.b.w.e.tomcat.TomcatWebServer-Tomcat initialized with port(s): 8080 (http)
2025-01-23 10:28 o.a.coyote.http11.Http11NioProtocol-Initializing ProtocolHandler ["http-nio-8080"]
2025-01-23 10:28 o.a.catalina.core.StandardService-Starting service [Tomcat]
2025-01-23 10:28 o.a.catalina.core.StandardEngine-Starting Servlet engine: [Apache Tomcat/9.0.74]
2025-01-23 10:28 o.a.c.c.C.[Tomcat].[localhost].[/]-Initializing Spring embedded WebApplicationContext
2025-01-23 10:28 o.s.b.w.s.c.ServletWebServerApplicationContext-Root WebApplicationContext: initialization completed in 1453 ms
2025-01-23 10:28 o.h.jpa.internal.util.LogHelper-HHH000204: Processing PersistenceUnitInfo [name: default]
2025-01-23 10:28 org.hibernate.Version-HHH000412: Hibernate ORM core version 5.6.15.Final
2025-01-23 10:28 o.h.annotations.common.Version-HCANN000001: Hibernate Commons Annotations {5.1.2.Final}
2025-01-23 10:28 com.zaxxer.hikari.HikariDataSource-HikariPool-1 - Starting...
2025-01-23 10:28 com.zaxxer.hikari.HikariDataSource-HikariPool-1 - Start completed.
2025-01-23 10:28 org.hibernate.dialect.Dialect-HHH000400: Using dialect: org.hibernate.dialect.MariaDBDialect
2025-01-23 10:28 o.h.e.t.j.p.i.JtaPlatformInitiator-HHH000490: Using JtaPlatform implementation: [org.hibernate.engine.transaction.jta.platform.internal.NoJtaPlatform]
2025-01-23 10:28 o.s.o.j.LocalContainerEntityManagerFactoryBean-Initialized JPA EntityManagerFactory for persistence unit 'default'
2025-01-23 10:28 o.s.b.a.o.j.JpaBaseConfiguration$JpaWebConfiguration-spring.jpa.open-in-view is enabled by default. Therefore, database queries may be performed during view rendering. Explicitly configure spring.jpa.open-in-view to disable this warning
2025-01-23 10:28 o.a.coyote.http11.Http11NioProtocol-Starting ProtocolHandler ["http-nio-8080"]
2025-01-23 10:28 o.s.b.w.e.tomcat.TomcatWebServer-Tomcat started on port(s): 8080 (http) with context path ''
2025-01-23 10:28 com.example.board.BoardApplication-Started BoardApplication in 4.142 seconds (JVM running for 4.818)
2025-01-23 10:29 o.s.o.j.LocalContainerEntityManagerFactoryBean-Closing JPA EntityManagerFactory for persistence unit 'default'
2025-01-23 10:29 com.zaxxer.hikari.HikariDataSource-HikariPool-1 - Shutdown initiated...
2025-01-23 10:29 com.zaxxer.hikari.HikariDataSource-HikariPool-1 - Shutdown completed.
2025-01-23 10:29 o.s.boot.SpringApplication-Application run failed
java.lang.IllegalStateException: java.lang.IllegalStateException: Logback configuration error detected: 
ERROR in ch.qos.logback.core.joran.spi.Interpreter@31:25 - no applicable action for [onMisMatch], current ElementPath  is [[configuration][appender][filter][onMisMatch]]
ERROR in ch.qos.logback.core.joran.spi.Interpreter@31:25 - no applicable action for [onMisMatch], current ElementPath  is [[configuration][appender][filter][onMisMatch]]
	at org.springframework.boot.context.logging.LoggingApplicationListener.initializeSystem(LoggingApplicationListener.java:344)
	at org.springframework.boot.context.logging.LoggingApplicationListener.initialize(LoggingApplicationListener.java:298)
	at org.springframework.boot.context.logging.LoggingApplicationListener.onApplicationEnvironmentPreparedEvent(LoggingApplicationListener.java:246)
	at org.springframework.boot.context.logging.LoggingApplicationListener.onApplicationEvent(LoggingApplicationListener.java:223)
	at org.springframework.context.event.SimpleApplicationEventMulticaster.doInvokeListener(SimpleApplicationEventMulticaster.java:176)
	at org.springframework.context.event.SimpleApplicationEventMulticaster.invokeListener(SimpleApplicationEventMulticaster.java:169)
	at org.springframework.context.event.SimpleApplicationEventMulticaster.multicastEvent(SimpleApplicationEventMulticaster.java:143)
	at org.springframework.context.event.SimpleApplicationEventMulticaster.multicastEvent(SimpleApplicationEventMulticaster.java:131)
	at org.springframework.boot.context.event.EventPublishingRunListener.environmentPrepared(EventPublishingRunListener.java:85)
	at org.springframework.boot.SpringApplicationRunListeners.lambda$environmentPrepared$2(SpringApplicationRunListeners.java:66)
	at java.base/java.util.ArrayList.forEach(ArrayList.java:1541)
	at org.springframework.boot.SpringApplicationRunListeners.doWithListeners(SpringApplicationRunListeners.java:120)
	at org.springframework.boot.SpringApplicationRunListeners.doWithListeners(SpringApplicationRunListeners.java:114)
	at org.springframework.boot.SpringApplicationRunListeners.environmentPrepared(SpringApplicationRunListeners.java:65)
	at org.springframework.boot.SpringApplication.prepareEnvironment(SpringApplication.java:343)
	at org.springframework.boot.SpringApplication.run(SpringApplication.java:301)
	at org.springframework.boot.SpringApplication.run(SpringApplication.java:1303)
	at org.springframework.boot.SpringApplication.run(SpringApplication.java:1292)
	at com.example.board.BoardApplication.main(BoardApplication.java:10)
Caused by: java.lang.IllegalStateException: Logback configuration error detected: 
ERROR in ch.qos.logback.core.joran.spi.Interpreter@31:25 - no applicable action for [onMisMatch], current ElementPath  is [[configuration][appender][filter][onMisMatch]]
ERROR in ch.qos.logback.core.joran.spi.Interpreter@31:25 - no applicable action for [onMisMatch], current ElementPath  is [[configuration][appender][filter][onMisMatch]]
	at org.springframework.boot.logging.logback.LogbackLoggingSystem.loadConfiguration(LogbackLoggingSystem.java:179)
	at org.springframework.boot.logging.AbstractLoggingSystem.initializeWithConventions(AbstractLoggingSystem.java:80)
	at org.springframework.boot.logging.AbstractLoggingSystem.initialize(AbstractLoggingSystem.java:60)
	at org.springframework.boot.logging.logback.LogbackLoggingSystem.initialize(LogbackLoggingSystem.java:132)
	at org.springframework.boot.context.logging.LoggingApplicationListener.initializeSystem(LoggingApplicationListener.java:329)
	... 18 common frames omitted
2025-01-23 10:30 c.e.b.c.controller.LogController-error log입니다.
2025-01-23 10:30 c.e.b.c.controller.LogController-Slf4j error임
2025-01-23 10:30 c.e.b.c.controller.LogController-에러 테스트
